Determining if the pthread_create exist failed with the following output:
Change Dir: /home/jake/PhD/Decomposition/Constraint_Decomp_Latest/CMakeFiles/CMakeTmp

Run Build Command:"/usr/bin/make" "cmTC_55c54/fast"
/usr/bin/make -f CMakeFiles/cmTC_55c54.dir/build.make CMakeFiles/cmTC_55c54.dir/build
make[1]: Entering directory '/home/jake/PhD/Decomposition/Constraint_Decomp_Latest/CMakeFiles/CMakeTmp'
Building C object CMakeFiles/cmTC_55c54.dir/CheckSymbolExists.c.o
/usr/bin/cc    -o CMakeFiles/cmTC_55c54.dir/CheckSymbolExists.c.o   -c /home/jake/PhD/Decomposition/Constraint_Decomp_Latest/CMakeFiles/CMakeTmp/CheckSymbolExists.c
Linking C executable cmTC_55c54
/usr/local/bin/cmake -E cmake_link_script CMakeFiles/cmTC_55c54.dir/link.txt --verbose=1
/usr/bin/cc      -rdynamic CMakeFiles/cmTC_55c54.dir/CheckSymbolExists.c.o  -o cmTC_55c54 
CMakeFiles/cmTC_55c54.dir/CheckSymbolExists.c.o: In function `main':
CheckSymbolExists.c:(.text+0x16): undefined reference to `pthread_create'
collect2: error: ld returned 1 exit status
CMakeFiles/cmTC_55c54.dir/build.make:86: recipe for target 'cmTC_55c54' failed
make[1]: *** [cmTC_55c54] Error 1
make[1]: Leaving directory '/home/jake/PhD/Decomposition/Constraint_Decomp_Latest/CMakeFiles/CMakeTmp'
Makefile:121: recipe for target 'cmTC_55c54/fast' failed
make: *** [cmTC_55c54/fast] Error 2

File /home/jake/PhD/Decomposition/Constraint_Decomp_Latest/CMakeFiles/CMakeTmp/CheckSymbolExists.c:
/* */
#include <pthread.h>

int main(int argc, char** argv)
{
  (void)argv;
#ifndef pthread_create
  return ((int*)(&pthread_create))[argc];
#else
  (void)argc;
  return 0;
#endif
}

Determining if the function pthread_create exists in the pthreads failed with the following output:
Change Dir: /home/jake/PhD/Decomposition/Constraint_Decomp_Latest/CMakeFiles/CMakeTmp

Run Build Command:"/usr/bin/make" "cmTC_ec60b/fast"
/usr/bin/make -f CMakeFiles/cmTC_ec60b.dir/build.make CMakeFiles/cmTC_ec60b.dir/build
make[1]: Entering directory '/home/jake/PhD/Decomposition/Constraint_Decomp_Latest/CMakeFiles/CMakeTmp'
Building C object CMakeFiles/cmTC_ec60b.dir/CheckFunctionExists.c.o
/usr/bin/cc   -DCHECK_FUNCTION_EXISTS=pthread_create   -o CMakeFiles/cmTC_ec60b.dir/CheckFunctionExists.c.o   -c /usr/local/share/cmake-3.12/Modules/CheckFunctionExists.c
Linking C executable cmTC_ec60b
/usr/local/bin/cmake -E cmake_link_script CMakeFiles/cmTC_ec60b.dir/link.txt --verbose=1
/usr/bin/cc  -DCHECK_FUNCTION_EXISTS=pthread_create    -rdynamic CMakeFiles/cmTC_ec60b.dir/CheckFunctionExists.c.o  -o cmTC_ec60b -lpthreads 
/usr/bin/ld: cannot find -lpthreads
collect2: error: ld returned 1 exit status
CMakeFiles/cmTC_ec60b.dir/build.make:86: recipe for target 'cmTC_ec60b' failed
make[1]: *** [cmTC_ec60b] Error 1
make[1]: Leaving directory '/home/jake/PhD/Decomposition/Constraint_Decomp_Latest/CMakeFiles/CMakeTmp'
Makefile:121: recipe for target 'cmTC_ec60b/fast' failed
make: *** [cmTC_ec60b/fast] Error 2


